0 info it worked if it ends with ok
1 verbose cli [ '/usr/local/bin/node',
1 verbose cli   '/usr/local/bin/npm',
1 verbose cli   'install',
1 verbose cli   '-g',
1 verbose cli   'n' ]
2 info using npm@2.15.9
3 info using node@v4.5.0
4 verbose install initial load of /usr/local/lib/package.json
5 verbose readDependencies loading dependencies from /usr/local/lib/package.json
6 silly cache add args [ 'n', null ]
7 verbose cache add spec n
8 silly cache add parsed spec Result {
8 silly cache add   raw: 'n',
8 silly cache add   scope: null,
8 silly cache add   name: 'n',
8 silly cache add   rawSpec: '',
8 silly cache add   spec: 'latest',
8 silly cache add   type: 'tag' }
9 silly addNamed n@latest
10 verbose addNamed "latest" is being treated as a dist-tag for n
11 info addNameTag [ 'n', 'latest' ]
12 silly mapToRegistry name n
13 silly mapToRegistry using default registry
14 silly mapToRegistry registry https://registry.npmjs.org/
15 silly mapToRegistry data Result {
15 silly mapToRegistry   raw: 'n',
15 silly mapToRegistry   scope: null,
15 silly mapToRegistry   name: 'n',
15 silly mapToRegistry   rawSpec: '',
15 silly mapToRegistry   spec: 'latest',
15 silly mapToRegistry   type: 'tag' }
16 silly mapToRegistry uri https://registry.npmjs.org/n
17 verbose addNameTag registry:https://registry.npmjs.org/n not in flight; fetching
18 verbose request uri https://registry.npmjs.org/n
19 verbose request no auth needed
20 info attempt registry request try #1 at 10:43:21 AM
21 verbose request id 63eec29168257a8d
22 http request GET https://registry.npmjs.org/n
23 http 200 https://registry.npmjs.org/n
24 verbose headers { server: 'CouchDB/1.5.0 (Erlang OTP/R16B03)',
24 verbose headers   etag: '"1B01Y3GQK1HQ9P06V7WO2GDZ5"',
24 verbose headers   'content-type': 'application/json',
24 verbose headers   'content-encoding': 'gzip',
24 verbose headers   'cache-control': 'max-age=300',
24 verbose headers   'content-length': '12102',
24 verbose headers   'accept-ranges': 'bytes',
24 verbose headers   date: 'Wed, 12 Oct 2016 14:43:21 GMT',
24 verbose headers   via: '1.1 varnish',
24 verbose headers   age: '0',
24 verbose headers   connection: 'keep-alive',
24 verbose headers   'x-served-by': 'cache-jfk8147-JFK',
24 verbose headers   'x-cache': 'MISS',
24 verbose headers   'x-cache-hits': '0',
24 verbose headers   'x-timer': 'S1476283401.010620,VS0,VE79',
24 verbose headers   vary: 'Accept-Encoding' }
25 silly get cb [ 200,
25 silly get   { server: 'CouchDB/1.5.0 (Erlang OTP/R16B03)',
25 silly get     etag: '"1B01Y3GQK1HQ9P06V7WO2GDZ5"',
25 silly get     'content-type': 'application/json',
25 silly get     'content-encoding': 'gzip',
25 silly get     'cache-control': 'max-age=300',
25 silly get     'content-length': '12102',
25 silly get     'accept-ranges': 'bytes',
25 silly get     date: 'Wed, 12 Oct 2016 14:43:21 GMT',
25 silly get     via: '1.1 varnish',
25 silly get     age: '0',
25 silly get     connection: 'keep-alive',
25 silly get     'x-served-by': 'cache-jfk8147-JFK',
25 silly get     'x-cache': 'MISS',
25 silly get     'x-cache-hits': '0',
25 silly get     'x-timer': 'S1476283401.010620,VS0,VE79',
25 silly get     vary: 'Accept-Encoding' } ]
26 verbose get saving n to /Users/hannahcain/.npm/registry.npmjs.org/n/.cache.json
27 verbose correctMkdir /Users/hannahcain/.npm correctMkdir not in flight; initializing
28 silly addNameTag next cb for n with tag latest
29 silly addNamed n@2.1.4
30 verbose addNamed "2.1.4" is a plain semver version for n
31 silly mapToRegistry name n
32 silly mapToRegistry using default registry
33 silly mapToRegistry registry https://registry.npmjs.org/
34 silly mapToRegistry data Result {
34 silly mapToRegistry   raw: 'n',
34 silly mapToRegistry   scope: null,
34 silly mapToRegistry   name: 'n',
34 silly mapToRegistry   rawSpec: '',
34 silly mapToRegistry   spec: 'latest',
34 silly mapToRegistry   type: 'tag' }
35 silly mapToRegistry uri https://registry.npmjs.org/n
36 verbose addRemoteTarball https://registry.npmjs.org/n/-/n-2.1.4.tgz not in flight; adding
37 verbose addRemoteTarball [ 'https://registry.npmjs.org/n/-/n-2.1.4.tgz',
37 verbose addRemoteTarball   '7546bc467a120cc96718f2716cd86c43290f94c5' ]
38 info retry fetch attempt 1 at 10:43:22 AM
39 info attempt registry request try #1 at 10:43:22 AM
40 http fetch GET https://registry.npmjs.org/n/-/n-2.1.4.tgz
41 http fetch 200 https://registry.npmjs.org/n/-/n-2.1.4.tgz
42 silly fetchAndShaCheck shasum 7546bc467a120cc96718f2716cd86c43290f94c5
43 verbose addTmpTarball /var/folders/ht/4nvmpdgs6q75w2_vgfl49g740000gn/T/npm-57377-0664a19f/registry.npmjs.org/n/-/n-2.1.4.tgz not in flight; adding
44 verbose addTmpTarball already have metadata; skipping unpack for n@2.1.4
45 verbose correctMkdir /Users/hannahcain/.npm correctMkdir not in flight; initializing
46 silly cache afterAdd n@2.1.4
47 verbose afterAdd /Users/hannahcain/.npm/n/2.1.4/package/package.json not in flight; writing
48 verbose correctMkdir /Users/hannahcain/.npm correctMkdir not in flight; initializing
49 verbose afterAdd /Users/hannahcain/.npm/n/2.1.4/package/package.json written
50 silly install resolved [ { name: 'n',
50 silly install resolved     description: 'Interactively Manage All Your Node Versions',
50 silly install resolved     version: '2.1.4',
50 silly install resolved     author: { name: 'TJ Holowaychuk', email: 'tj@vision-media.ca' },
50 silly install resolved     homepage: 'https://github.com/tj/n',
50 silly install resolved     bugs: { url: 'https://github.com/tj/n/issues' },
50 silly install resolved     contributors: [ [Object], [Object], [Object] ],
50 silly install resolved     keywords:
50 silly install resolved      [ 'nvm',
50 silly install resolved        'node',
50 silly install resolved        'version',
50 silly install resolved        'manager',
50 silly install resolved        'switcher',
50 silly install resolved        'node',
50 silly install resolved        'binary',
50 silly install resolved        'env' ],
50 silly install resolved     bin: { n: './bin/n' },
50 silly install resolved     repository: { type: 'git', url: 'git://github.com/tj/n.git' },
50 silly install resolved     preferGlobal: true,
50 silly install resolved     os: [ '!win32' ],
50 silly install resolved     engines: { node: '*' },
50 silly install resolved     license: 'MIT',
50 silly install resolved     gitHead: 'ff9ba303d972069903c0f951ece43f47adce24e8',
50 silly install resolved     _id: 'n@2.1.4',
50 silly install resolved     scripts: {},
50 silly install resolved     _shasum: '7546bc467a120cc96718f2716cd86c43290f94c5',
50 silly install resolved     _from: 'n@latest',
50 silly install resolved     _npmVersion: '3.10.3',
50 silly install resolved     _nodeVersion: '6.3.1',
50 silly install resolved     _npmUser: { name: 'qw3rtman', email: 'me@nimit.io' },
50 silly install resolved     dist:
50 silly install resolved      { shasum: '7546bc467a120cc96718f2716cd86c43290f94c5',
50 silly install resolved        tarball: 'https://registry.npmjs.org/n/-/n-2.1.4.tgz' },
50 silly install resolved     maintainers: [ [Object], [Object], [Object], [Object], [Object], [Object] ],
50 silly install resolved     _npmOperationalInternal:
50 silly install resolved      { host: 'packages-16-east.internal.npmjs.com',
50 silly install resolved        tmp: 'tmp/n-2.1.4.tgz_1470600124670_0.21058935346081853' },
50 silly install resolved     directories: {},
50 silly install resolved     _resolved: 'https://registry.npmjs.org/n/-/n-2.1.4.tgz' } ]
51 info install n@2.1.4 into /usr/local/lib
52 info installOne n@2.1.4
53 verbose installOne of n to /usr/local/lib not in flight; installing
54 verbose correctMkdir /Users/hannahcain/.npm/_locks correctMkdir not in flight; initializing
55 verbose lock using /Users/hannahcain/.npm/_locks/n-a01478239d85533e.lock for /usr/local/lib/node_modules/n
56 silly install write writing n 2.1.4 to /usr/local/lib/node_modules/n
57 verbose unbuild lib/node_modules/n
58 silly gentlyRm /usr/local/lib/node_modules/n is being purged from base /usr/local
59 verbose gentlyRm don't care about contents; nuking /usr/local/lib/node_modules/n
60 verbose tar unpack /Users/hannahcain/.npm/n/2.1.4/package.tgz
61 verbose tar unpacking to /usr/local/lib/node_modules/n
62 silly gentlyRm /usr/local/lib/node_modules/n is being purged
63 verbose gentlyRm don't care about contents; nuking /usr/local/lib/node_modules/n
64 silly gunzTarPerm modes [ '755', '644' ]
65 silly gunzTarPerm extractEntry package.json
66 silly gunzTarPerm extractEntry README.md
67 silly gunzTarPerm extractEntry Makefile
68 silly gunzTarPerm extractEntry bin/n
69 verbose write writing to /usr/local/lib/node_modules/n/package.json
70 info preinstall n@2.1.4
71 verbose readDependencies loading dependencies from /usr/local/lib/node_modules/n/package.json
72 verbose readDependencies loading dependencies from /usr/local/lib/node_modules/n/package.json
73 silly install resolved []
74 verbose about to build /usr/local/lib/node_modules/n
75 info build /usr/local/lib/node_modules/n
76 info linkStuff n@2.1.4
77 silly linkStuff n@2.1.4 has /usr/local/lib/node_modules as its parent node_modules
78 silly linkStuff n@2.1.4 is part of a global install
79 silly linkStuff n@2.1.4 is installed into a global node_modules
80 silly linkStuff n@2.1.4 is installed into the top-level global node_modules
81 verbose linkBins n@2.1.4
82 verbose link bins [ { n: './bin/n' }, '/usr/local/bin', true ]
83 verbose linkMans n@2.1.4
84 verbose rebuildBundles n@2.1.4
85 silly gentlyRm /usr/local/bin/n is being gently removed
86 silly gentlyRm verifying /usr/local is an npm working directory
87 silly gentlyRm containing path /usr/local is under npm's control, in /usr/local
88 silly gentlyRm deletion target /usr/local/bin/n is under /usr/local
89 verbose gentlyRm vacuuming from /usr/local/bin/n up to /usr/local
90 info install n@2.1.4
91 info postinstall n@2.1.4
92 verbose unlock done using /Users/hannahcain/.npm/_locks/n-a01478239d85533e.lock for /usr/local/lib/node_modules/n
93 verbose validateInstall loading /usr/local/lib/package.json for validation
94 verbose stack Error: The package eslint-plugin-jsx-a11y@1.5.5 does not satisfy its siblings' peerDependencies requirements!
94 verbose stack     at /usr/local/lib/node_modules/npm/lib/install.js:125:32
94 verbose stack     at /usr/local/lib/node_modules/npm/lib/install.js:268:7
94 verbose stack     at /usr/local/lib/node_modules/npm/node_modules/read-installed/read-installed.js:142:5
94 verbose stack     at /usr/local/lib/node_modules/npm/node_modules/read-installed/read-installed.js:263:14
94 verbose stack     at cb (/usr/local/lib/node_modules/npm/node_modules/slide/lib/async-map.js:47:24)
94 verbose stack     at /usr/local/lib/node_modules/npm/node_modules/read-installed/read-installed.js:263:14
94 verbose stack     at cb (/usr/local/lib/node_modules/npm/node_modules/slide/lib/async-map.js:47:24)
94 verbose stack     at /usr/local/lib/node_modules/npm/node_modules/read-installed/read-installed.js:263:14
94 verbose stack     at cb (/usr/local/lib/node_modules/npm/node_modules/slide/lib/async-map.js:47:24)
94 verbose stack     at /usr/local/lib/node_modules/npm/node_modules/read-installed/read-installed.js:263:14
95 verbose cwd /Users/hannahcain/Fullstack/20-juke-redux
96 error Darwin 15.6.0
97 error argv "/usr/local/bin/node" "/usr/local/bin/npm" "install" "-g" "n"
98 error node v4.5.0
99 error npm  v2.15.9
100 error code EPEERINVALID
101 error peerinvalid The package eslint-plugin-jsx-a11y@1.5.5 does not satisfy its siblings' peerDependencies requirements!
101 error peerinvalid Peer eslint-config-airbnb@12.0.0 wants eslint-plugin-jsx-a11y@^2.2.2
102 verbose exit [ 1, true ]
